# configure exec: ./configure --prefix=/home/local/ASUAD/rsadaye/Downloads/kafka-streams-master/node_modules/node-rdkafka/build/deps --libdir=/home/local/ASUAD/rsadaye/Downloads/kafka-streams-master/node_modules/node-rdkafka/build/deps --prefix=/home/local/ASUAD/rsadaye/Downloads/kafka-streams-master/node_modules/node-rdkafka/build/deps --libdir=/home/local/ASUAD/rsadaye/Downloads/kafka-streams-master/node_modules/node-rdkafka/build/deps
# On Thu Jun 21 11:03:01 MST 2018
DBG: ccenv: WITH_CC:  --version failed: mklove/modules/configure.base: line 1183: --version: command not found
DBG: Check ccenv (WITH_CC, action cont (originally cont)) failed: command ' --version' failed:
mklove/modules/configure.base: line 1183: --version: command not found
DBG: cxxenv: WITH_CXX:  --version failed: mklove/modules/configure.base: line 1183: --version: command not found
DBG: Check cxxenv (WITH_CXX, action cont (originally cont)) failed: command ' --version' failed:
mklove/modules/configure.base: line 1183: --version: command not found
DBG: Compile check PIC (HAVE_PIC): gcc  -g -O2 -Wall -Werror _mkltmp4K4WrG.c -o _mkltmp4K4WrG.c.o  -L/home/local/ASUAD/rsadaye/Downloads/kafka-streams-master/node_modules/node-rdkafka/build/deps -fPIC
DBG: Compile check gnulib (WITH_GNULD): gcc  -g -O2 -fPIC -Wall -Werror _mkltmpeVBEh4.c -o _mkltmpeVBEh4.c.o  -L/home/local/ASUAD/rsadaye/Downloads/kafka-streams-master/node_modules/node-rdkafka/build/deps -shared -Wl,-soname,mkltest.0
DBG: Compile check ldsflagvs (): gcc  -g -O2 -fPIC -Wall -Werror _mkltmpO3Yriv.c -o _mkltmpO3Yriv.c.o  -L/home/local/ASUAD/rsadaye/Downloads/kafka-streams-master/node_modules/node-rdkafka/build/deps -shared -Wl,--version-script=_mkltmpN61LPA
DBG: Compile check __atomic_32 (HAVE_ATOMICS_32): gcc  -g -O2 -fPIC -Wall -Werror _mkltmp3HcUqG.c -o _mkltmp3HcUqG.c.o  -L/home/local/ASUAD/rsadaye/Downloads/kafka-streams-master/node_modules/node-rdkafka/build/deps 
DBG: Compile check __atomic_64 (HAVE_ATOMICS_64): gcc  -g -O2 -fPIC -Wall -Werror _mkltmpymZZ7x.c -o _mkltmpymZZ7x.c.o  -L/home/local/ASUAD/rsadaye/Downloads/kafka-streams-master/node_modules/node-rdkafka/build/deps 
DBG: Compile check socket (): gcc  -g -O2 -fPIC -Wall -Wsign-compare -Wfloat-equal -Wpointer-arith -Wcast-align -Wall -Werror _mkltmpK2UaNi.c -o _mkltmpK2UaNi.c.o  -L/home/local/ASUAD/rsadaye/Downloads/kafka-streams-master/node_modules/node-rdkafka/build/deps 
DBG: pkg-config check librt (): pkg-config --short-errors --cflags librt
DBG: 'pkg-config --short-errors --cflags librt' failed: No package 'librt' found
DBG: Check librt_PKGCONFIG (, action cont (originally cont)) failed: 'pkg-config --short-errors --cflags librt' failed:
No package 'librt' found
DBG: Compile check librt (): gcc  -g -O2 -fPIC -Wall -Wsign-compare -Wfloat-equal -Wpointer-arith -Wcast-align -Wall -Werror _mkltmpKkFF3M.c -o _mkltmpKkFF3M.c.o  -L/home/local/ASUAD/rsadaye/Downloads/kafka-streams-master/node_modules/node-rdkafka/build/deps -lrt
DBG: pkg-config check libpthread (): pkg-config --short-errors --cflags libpthread
DBG: 'pkg-config --short-errors --cflags libpthread' failed: No package 'libpthread' found
DBG: Check libpthread_PKGCONFIG (, action cont (originally cont)) failed: 'pkg-config --short-errors --cflags libpthread' failed:
No package 'libpthread' found
DBG: Compile check libpthread (): gcc  -g -O2 -fPIC -Wall -Wsign-compare -Wfloat-equal -Wpointer-arith -Wcast-align -Wall -Werror _mkltmp1yAsLO.c -o _mkltmp1yAsLO.c.o  -L/home/local/ASUAD/rsadaye/Downloads/kafka-streams-master/node_modules/node-rdkafka/build/deps -lpthread
DBG: pkg-config check libdl (): pkg-config --short-errors --cflags libdl
DBG: 'pkg-config --short-errors --cflags libdl' failed: No package 'libdl' found
DBG: Check libdl_PKGCONFIG (, action cont (originally cont)) failed: 'pkg-config --short-errors --cflags libdl' failed:
No package 'libdl' found
DBG: Compile check libdl (WITH_LIBDL): gcc  -g -O2 -fPIC -Wall -Wsign-compare -Wfloat-equal -Wpointer-arith -Wcast-align -Wall -Werror _mkltmp9ypWkn.c -o _mkltmp9ypWkn.c.o  -L/home/local/ASUAD/rsadaye/Downloads/kafka-streams-master/node_modules/node-rdkafka/build/deps -ldl
DBG: pkg-config check zlib (): pkg-config --short-errors --cflags zlib
DBG: pkg-config check libcrypto (): pkg-config --short-errors --cflags libcrypto
DBG: pkg-config check liblz4 (): pkg-config --short-errors --cflags liblz4
DBG: 'pkg-config --short-errors --cflags liblz4' failed: No package 'liblz4' found
DBG: Check liblz4_PKGCONFIG (, action cont (originally cont)) failed: 'pkg-config --short-errors --cflags liblz4' failed:
No package 'liblz4' found
DBG: Compile check liblz4 (WITH_LZ4_EXT): gcc  -g -O2 -fPIC -Wall -Wsign-compare -Wfloat-equal -Wpointer-arith -Wcast-align -Wall -Werror _mkltmpI22LjG.c -o _mkltmpI22LjG.c.o  -L/home/local/ASUAD/rsadaye/Downloads/kafka-streams-master/node_modules/node-rdkafka/build/deps -llz4
DBG: compile check for liblz4 (WITH_LZ4_EXT) failed: gcc  -g -O2 -fPIC -Wall -Wsign-compare -Wfloat-equal -Wpointer-arith -Wcast-align -Wall -Werror _mkltmpI22LjG.c -o _mkltmpI22LjG.c.o  -L/home/local/ASUAD/rsadaye/Downloads/kafka-streams-master/node_modules/node-rdkafka/build/deps -llz4: _mkltmpI22LjG.c:1:22: fatal error: lz4frame.h: No such file or directory
compilation terminated.
DBG: Check liblz4 (WITH_LZ4_EXT, action disable (originally disable)) failed: compile check failed:
CC: CC
flags: -llz4
gcc  -g -O2 -fPIC -Wall -Wsign-compare -Wfloat-equal -Wpointer-arith -Wcast-align -Wall -Werror _mkltmpI22LjG.c -o _mkltmpI22LjG.c.o  -L/home/local/ASUAD/rsadaye/Downloads/kafka-streams-master/node_modules/node-rdkafka/build/deps -llz4:
_mkltmpI22LjG.c:1:22: fatal error: lz4frame.h: No such file or directory
compilation terminated.
source: #include <lz4frame.h>
DBG: pkg-config check libssl (): pkg-config --short-errors --cflags libssl
DBG: pkg-config check libsasl2 (): pkg-config --short-errors --cflags libsasl2
DBG: 'pkg-config --short-errors --cflags libsasl2' failed: No package 'libsasl2' found
DBG: Check libsasl2_PKGCONFIG (, action cont (originally cont)) failed: 'pkg-config --short-errors --cflags libsasl2' failed:
No package 'libsasl2' found
DBG: Compile check libsasl2 (WITH_SASL_CYRUS): gcc  -g -O2 -fPIC -Wall -Wsign-compare -Wfloat-equal -Wpointer-arith -Wcast-align -Wall -Werror _mkltmpS6W2CP.c -o _mkltmpS6W2CP.c.o  -L/home/local/ASUAD/rsadaye/Downloads/kafka-streams-master/node_modules/node-rdkafka/build/deps -lsasl2
DBG: compile check for libsasl2 (WITH_SASL_CYRUS) failed: gcc  -g -O2 -fPIC -Wall -Wsign-compare -Wfloat-equal -Wpointer-arith -Wcast-align -Wall -Werror _mkltmpS6W2CP.c -o _mkltmpS6W2CP.c.o  -L/home/local/ASUAD/rsadaye/Downloads/kafka-streams-master/node_modules/node-rdkafka/build/deps -lsasl2: _mkltmpS6W2CP.c:1:23: fatal error: sasl/sasl.h: No such file or directory
compilation terminated.
DBG: Check libsasl2 (WITH_SASL_CYRUS, action disable (originally disable)) failed: compile check failed:
CC: CC
flags: -lsasl2
gcc  -g -O2 -fPIC -Wall -Wsign-compare -Wfloat-equal -Wpointer-arith -Wcast-align -Wall -Werror _mkltmpS6W2CP.c -o _mkltmpS6W2CP.c.o  -L/home/local/ASUAD/rsadaye/Downloads/kafka-streams-master/node_modules/node-rdkafka/build/deps -lsasl2:
_mkltmpS6W2CP.c:1:23: fatal error: sasl/sasl.h: No such file or directory
compilation terminated.
source: #include <sasl/sasl.h>
DBG: pkg-config check libsasl (): pkg-config --short-errors --cflags libsasl
DBG: 'pkg-config --short-errors --cflags libsasl' failed: No package 'libsasl' found
DBG: Check libsasl_PKGCONFIG (, action cont (originally cont)) failed: 'pkg-config --short-errors --cflags libsasl' failed:
No package 'libsasl' found
DBG: Compile check libsasl (WITH_SASL_CYRUS): gcc  -g -O2 -fPIC -Wall -Wsign-compare -Wfloat-equal -Wpointer-arith -Wcast-align -Wall -Werror _mkltmp7uR0Mc.c -o _mkltmp7uR0Mc.c.o  -L/home/local/ASUAD/rsadaye/Downloads/kafka-streams-master/node_modules/node-rdkafka/build/deps -lsasl
DBG: compile check for libsasl (WITH_SASL_CYRUS) failed: gcc  -g -O2 -fPIC -Wall -Wsign-compare -Wfloat-equal -Wpointer-arith -Wcast-align -Wall -Werror _mkltmp7uR0Mc.c -o _mkltmp7uR0Mc.c.o  -L/home/local/ASUAD/rsadaye/Downloads/kafka-streams-master/node_modules/node-rdkafka/build/deps -lsasl: _mkltmp7uR0Mc.c:1:23: fatal error: sasl/sasl.h: No such file or directory
compilation terminated.
DBG: Check libsasl (WITH_SASL_CYRUS, action disable (originally disable)) failed: compile check failed:
CC: CC
flags: -lsasl
gcc  -g -O2 -fPIC -Wall -Wsign-compare -Wfloat-equal -Wpointer-arith -Wcast-align -Wall -Werror _mkltmp7uR0Mc.c -o _mkltmp7uR0Mc.c.o  -L/home/local/ASUAD/rsadaye/Downloads/kafka-streams-master/node_modules/node-rdkafka/build/deps -lsasl:
_mkltmp7uR0Mc.c:1:23: fatal error: sasl/sasl.h: No such file or directory
compilation terminated.
source: #include <sasl/sasl.h>
DBG: Compile check crc32chw (WITH_CRC32C_HW): gcc  -g -O2 -fPIC -Wall -Wsign-compare -Wfloat-equal -Wpointer-arith -Wcast-align -Wall -Werror _mkltmpIFmoDk.c -o _mkltmpIFmoDk.c.o  -L/home/local/ASUAD/rsadaye/Downloads/kafka-streams-master/node_modules/node-rdkafka/build/deps 
DBG: Compile check regex (HAVE_REGEX): gcc  -g -O2 -fPIC -Wall -Wsign-compare -Wfloat-equal -Wpointer-arith -Wcast-align -Wall -Werror _mkltmpJHHagg.c -o _mkltmpJHHagg.c.o  -L/home/local/ASUAD/rsadaye/Downloads/kafka-streams-master/node_modules/node-rdkafka/build/deps 
DBG: Compile check strndup (HAVE_STRNDUP): gcc  -g -O2 -fPIC -Wall -Wsign-compare -Wfloat-equal -Wpointer-arith -Wcast-align -Wall -Werror _mkltmp0fOVrk.c -o _mkltmp0fOVrk.c.o  -L/home/local/ASUAD/rsadaye/Downloads/kafka-streams-master/node_modules/node-rdkafka/build/deps 
DBG: Compile check strerror_r (HAVE_STRERROR_R): gcc  -g -O2 -fPIC -Wall -Wsign-compare -Wfloat-equal -Wpointer-arith -Wcast-align -Wall -Werror _mkltmpJRBzg0.c -o _mkltmpJRBzg0.c.o  -L/home/local/ASUAD/rsadaye/Downloads/kafka-streams-master/node_modules/node-rdkafka/build/deps 
DBG: Compile check pthread_setname_gnu (HAVE_PTHREAD_SETNAME_GNU): gcc  -g -O2 -fPIC -Wall -Wsign-compare -Wfloat-equal -Wpointer-arith -Wcast-align -Wall -Werror _mkltmpZIDAQi.c -o _mkltmpZIDAQi.c.o  -L/home/local/ASUAD/rsadaye/Downloads/kafka-streams-master/node_modules/node-rdkafka/build/deps -D_GNU_SOURCE -lpthread
